{"name": "test_add_group[None:Group1':Header1:Footer1]", "status": "failed", "statusDetails": {"message": "AssertionError: assert [319:11:22:33...11:22:33, ...] == [319:11:22:33...11:22:33, ...]\n  Left contains one more item: None:Group1':Header1:Footer1\n  Use -v to get the full diff", "trace": "app = <fixture.application.Application object at 0x000002792F678310>, db = <fixture.orm.ORMFixture object at 0x000002792F4F7DF0>, json_groups = None:Group1':Header1:Footer1, check_ui = False\n\n    def test_add_group(app, db, json_groups, check_ui):\n        group = json_groups\n        old_groups = db.get_group_list()\n        app.group.create(group)\n        new_groups = db.get_group_list()\n        old_groups.append(group)\n>       assert sorted(old_groups, key=Group.id_or_max) == sorted(new_groups, key=Group.id_or_max)\nE       AssertionError: assert [319:11:22:33...11:22:33, ...] == [319:11:22:33...11:22:33, ...]\nE         Left contains one more item: None:Group1':Header1:Footer1\nE         Use -v to get the full diff\n\ntest\\test_add_group.py:11: AssertionError"}, "parameters": [{"name": "json_groups", "value": "None:Group1':Header1:Footer1"}], "start": 1608999824206, "stop": 1608999824513, "uuid": "f7cef12c-0e92-4684-a526-44dcfb4765f9", "historyId": "3926b88eca804c42bf5367ff5da3915f", "testCaseId": "8e9b1d07ef6cdb67de3c4a3d82e10652", "fullName": "test.test_add_group#test_add_group", "labels": [{"name": "parentSuite", "value": "test"}, {"name": "suite", "value": "test_add_group"}, {"name": "host", "value": "DESKTOP-3FUG7NV"}, {"name": "thread", "value": "10344-MainThread"}, {"name": "framework", "value": "pytest"}, {"name": "language", "value": "cpython3"}, {"name": "package", "value": "test.test_add_group"}]}